<?xml version="1.0" encoding="UTF-8"?>
<testsuites name="jest tests" tests="3" failures="0" errors="0" time="3.116">
  <testsuite name="NotionSDK: AfishaDatabase" errors="0" failures="0" skipped="0" timestamp="2024-02-18T12:27:40" time="3.005" tests="3">
    <testcase classname="NotionSDK: AfishaDatabase NotionSDK: getPage gets a page" name="NotionSDK: AfishaDatabase NotionSDK: getPage gets a page" time="0.417">
    </testcase>
    <testcase classname="NotionSDK: AfishaDatabase NotionSDK: getPage obeys Notion rate limit" name="NotionSDK: AfishaDatabase NotionSDK: getPage obeys Notion rate limit" time="1.117">
    </testcase>
    <testcase classname="NotionSDK: AfishaDatabase NotionSDK: query returns results" name="NotionSDK: AfishaDatabase NotionSDK: query returns results" time="0.361">
    </testcase>
  </testsuite>
</testsuites>