<?xml version="1.0" encoding="UTF-8"?>
<testsuites name="jest tests" tests="2" failures="0" errors="0" time="9.092">
  <testsuite name="p-throttle" errors="0" failures="0" skipped="0" timestamp="2024-06-03T17:57:48" time="9.029" tests="2">
    <testcase classname="p-throttle should work" name="p-throttle should work" time="3.305">
    </testcase>
    <testcase classname="p-throttle should work with `strict` option" name="p-throttle should work with `strict` option" time="3.996">
    </testcase>
  </testsuite>
</testsuites>